<?xml version="1.0" encoding="UTF-8"?>
<testsuite name="com.project1.sb.web.IndexControllerTest" tests="1" skipped="0" failures="0" errors="0" timestamp="2020-07-29T06:14:47" hostname="DESKTOP-EG8C575" time="0.282">
  <properties/>
  <testcase name="메인페이지_로딩" classname="com.project1.sb.web.IndexControllerTest" time="0.282"/>
  <system-out><![CDATA[15:14:42.695 [Test worker] DEBUG org.springframework.test.context.junit4.SpringJUnit4ClassRunner - SpringJUnit4ClassRunner constructor called with [class com.project1.sb.web.IndexControllerTest]
15:14:42.702 [Test worker] DEBUG org.springframework.test.context.BootstrapUtils - Instantiating CacheAwareContextLoaderDelegate from class [org.springframework.test.context.cache.DefaultCacheAwareContextLoaderDelegate]
15:14:42.710 [Test worker] DEBUG org.springframework.test.context.BootstrapUtils - Instantiating BootstrapContext using constructor [public org.springframework.test.context.support.DefaultBootstrapContext(java.lang.Class,org.springframework.test.context.CacheAwareContextLoaderDelegate)]
15:14:42.726 [Test worker] DEBUG org.springframework.test.context.BootstrapUtils - Instantiating TestContextBootstrapper for test class [com.project1.sb.web.IndexControllerTest] from class [org.springframework.boot.test.context.SpringBootTestContextBootstrapper]
15:14:42.738 [Test worker] INFO org.springframework.boot.test.context.SpringBootTestContextBootstrapper - Neither @ContextConfiguration nor @ContextHierarchy found for test class [com.project1.sb.web.IndexControllerTest], using SpringBootContextLoader
15:14:42.742 [Test worker] DEBUG org.springframework.test.context.support.AbstractContextLoader - Did not detect default resource location for test class [com.project1.sb.web.IndexControllerTest]: class path resource [com/project1/sb/web/IndexControllerTest-context.xml] does not exist
15:14:42.742 [Test worker] DEBUG org.springframework.test.context.support.AbstractContextLoader - Did not detect default resource location for test class [com.project1.sb.web.IndexControllerTest]: class path resource [com/project1/sb/web/IndexControllerTestContext.groovy] does not exist
15:14:42.742 [Test worker] INFO org.springframework.test.context.support.AbstractContextLoader - Could not detect default resource locations for test class [com.project1.sb.web.IndexControllerTest]: no resource found for suffixes {-context.xml, Context.groovy}.
15:14:42.743 [Test worker] INFO org.springframework.test.context.support.AnnotationConfigContextLoaderUtils - Could not detect default configuration classes for test class [com.project1.sb.web.IndexControllerTest]: IndexControllerTest does not declare any static, non-private, non-final, nested classes annotated with @Configuration.
15:14:42.782 [Test worker] DEBUG org.springframework.test.context.support.ActiveProfilesUtils - Could not find an 'annotation declaring class' for annotation type [org.springframework.test.context.ActiveProfiles] and class [com.project1.sb.web.IndexControllerTest]
15:14:42.883 [Test worker] DEBUG org.springframework.context.annotation.ClassPathScanningCandidateComponentProvider - Identified candidate component class: file [C:\Users\been7\IdeaProjects\project1\build\classes\java\main\com\project1\sb\Application.class]
15:14:42.885 [Test worker] INFO org.springframework.boot.test.context.SpringBootTestContextBootstrapper - Found @SpringBootConfiguration com.project1.sb.Application for test class com.project1.sb.web.IndexControllerTest
15:14:42.969 [Test worker] DEBUG org.springframework.boot.test.context.SpringBootTestContextBootstrapper - @TestExecutionListeners is not present for class [com.project1.sb.web.IndexControllerTest]: using defaults.
15:14:42.969 [Test worker] INFO org.springframework.boot.test.context.SpringBootTestContextBootstrapper - Loaded default TestExecutionListener class names from location [META-INF/spring.factories]: [org.springframework.boot.test.autoconfigure.restdocs.RestDocsTestExecutionListener, org.springframework.boot.test.autoconfigure.web.client.MockRestServiceServerResetTestExecutionListener, org.springframework.boot.test.autoconfigure.web.servlet.MockMvcPrintOnlyOnFailureTestExecutionListener, org.springframework.boot.test.autoconfigure.web.servlet.WebDriverTestExecutionListener, org.springframework.boot.test.mock.mockito.MockitoTestExecutionListener, org.springframework.boot.test.mock.mockito.ResetMocksTestExecutionListener, org.springframework.test.context.web.ServletTestExecutionListener, org.springframework.test.context.support.DirtiesContextBeforeModesTestExecutionListener, org.springframework.test.context.support.DependencyInjectionTestExecutionListener, org.springframework.test.context.support.DirtiesContextTestExecutionListener, org.springframework.test.context.transaction.TransactionalTestExecutionListener, org.springframework.test.context.jdbc.SqlScriptsTestExecutionListener]
15:14:42.987 [Test worker] INFO org.springframework.boot.test.context.SpringBootTestContextBootstrapper - Using TestExecutionListeners: [org.springframework.test.context.web.ServletTestExecutionListener@5fe72c59, org.springframework.test.context.support.DirtiesContextBeforeModesTestExecutionListener@75ad0fb1, org.springframework.boot.test.mock.mockito.MockitoTestExecutionListener@58511cdd, org.springframework.boot.test.autoconfigure.SpringBootDependencyInjectionTestExecutionListener@41278af7, org.springframework.test.context.support.DirtiesContextTestExecutionListener@2744f36e, org.springframework.test.context.transaction.TransactionalTestExecutionListener@3a89a0b0, org.springframework.test.context.jdbc.SqlScriptsTestExecutionListener@6aeee4c8, org.springframework.boot.test.autoconfigure.restdocs.RestDocsTestExecutionListener@1763bb50, org.springframework.boot.test.autoconfigure.web.client.MockRestServiceServerResetTestExecutionListener@17bce551, org.springframework.boot.test.autoconfigure.web.servlet.MockMvcPrintOnlyOnFailureTestExecutionListener@60474b36, org.springframework.boot.test.autoconfigure.web.servlet.WebDriverTestExecutionListener@7d122b52, org.springframework.boot.test.mock.mockito.ResetMocksTestExecutionListener@77a1b69b]
15:14:42.990 [Test worker] DEBUG org.springframework.test.annotation.ProfileValueUtils - Retrieved @ProfileValueSourceConfiguration [null] for test class [com.project1.sb.web.IndexControllerTest]
15:14:42.990 [Test worker] DEBUG org.springframework.test.annotation.ProfileValueUtils - Retrieved ProfileValueSource type [class org.springframework.test.annotation.SystemProfileValueSource] for class [com.project1.sb.web.IndexControllerTest]
15:14:42.993 [Test worker] DEBUG org.springframework.test.annotation.ProfileValueUtils - Retrieved @ProfileValueSourceConfiguration [null] for test class [com.project1.sb.web.IndexControllerTest]
15:14:42.993 [Test worker] DEBUG org.springframework.test.annotation.ProfileValueUtils - Retrieved ProfileValueSource type [class org.springframework.test.annotation.SystemProfileValueSource] for class [com.project1.sb.web.IndexControllerTest]
15:14:42.993 [Test worker] DEBUG org.springframework.test.annotation.ProfileValueUtils - Retrieved @ProfileValueSourceConfiguration [null] for test class [com.project1.sb.web.IndexControllerTest]
15:14:42.994 [Test worker] DEBUG org.springframework.test.annotation.ProfileValueUtils - Retrieved ProfileValueSource type [class org.springframework.test.annotation.SystemProfileValueSource] for class [com.project1.sb.web.IndexControllerTest]
15:14:42.997 [Test worker] DEBUG org.springframework.test.context.support.AbstractDirtiesContextTestExecutionListener - Before test class: context [DefaultTestContext@40505a78 testClass = IndexControllerTest, testInstance = [null], testMethod = [null], testException = [null], mergedContextConfiguration = [WebMergedContextConfiguration@3576479e testClass = IndexControllerTest, locations = '{}', classes = '{class com.project1.sb.Application}', contextInitializerClasses = '[]', activeProfiles = '{}', propertySourceLocations = '{}', propertySourceProperties = '{org.springframework.boot.test.context.SpringBootTestContextBootstrapper=true, server.port=0}', contextCustomizers = set[org.springframework.boot.test.autoconfigure.properties.PropertyMappingContextCustomizer@0, org.springframework.boot.test.autoconfigure.web.servlet.WebDriverContextCustomizerFactory$Customizer@770f0c09, org.springframework.boot.test.context.filter.ExcludeFilterContextCustomizer@353a956c, org.springframework.boot.test.json.DuplicateJsonObjectContextCustomizerFactory$DuplicateJsonObjectContextCustomizer@2da2986b, org.springframework.boot.test.mock.mockito.MockitoContextCustomizer@0, org.springframework.boot.test.web.client.TestRestTemplateContextCustomizer@60746ccf], resourceBasePath = 'src/main/webapp', contextLoader = 'org.springframework.boot.test.context.SpringBootContextLoader', parent = [null]], attributes = map['org.springframework.test.context.web.ServletTestExecutionListener.activateListener' -> false]], class annotated with @DirtiesContext [false] with mode [null].
15:14:42.998 [Test worker] DEBUG org.springframework.test.annotation.ProfileValueUtils - Retrieved @ProfileValueSourceConfiguration [null] for test class [com.project1.sb.web.IndexControllerTest]
15:14:42.998 [Test worker] DEBUG org.springframework.test.annotation.ProfileValueUtils - Retrieved ProfileValueSource type [class org.springframework.test.annotation.SystemProfileValueSource] for class [com.project1.sb.web.IndexControllerTest]
15:14:43.001 [Test worker] DEBUG org.springframework.test.context.support.DependencyInjectionTestExecutionListener - Performing dependency injection for test context [[DefaultTestContext@40505a78 testClass = IndexControllerTest, testInstance = com.project1.sb.web.IndexControllerTest@67ac621b, testMethod = [null], testException = [null], mergedContextConfiguration = [WebMergedContextConfiguration@3576479e testClass = IndexControllerTest, locations = '{}', classes = '{class com.project1.sb.Application}', contextInitializerClasses = '[]', activeProfiles = '{}', propertySourceLocations = '{}', propertySourceProperties = '{org.springframework.boot.test.context.SpringBootTestContextBootstrapper=true, server.port=0}', contextCustomizers = set[org.springframework.boot.test.autoconfigure.properties.PropertyMappingContextCustomizer@0, org.springframework.boot.test.autoconfigure.web.servlet.WebDriverContextCustomizerFactory$Customizer@770f0c09, org.springframework.boot.test.context.filter.ExcludeFilterContextCustomizer@353a956c, org.springframework.boot.test.json.DuplicateJsonObjectContextCustomizerFactory$DuplicateJsonObjectContextCustomizer@2da2986b, org.springframework.boot.test.mock.mockito.MockitoContextCustomizer@0, org.springframework.boot.test.web.client.TestRestTemplateContextCustomizer@60746ccf], resourceBasePath = 'src/main/webapp', contextLoader = 'org.springframework.boot.test.context.SpringBootContextLoader', parent = [null]], attributes = map['org.springframework.test.context.web.ServletTestExecutionListener.activateListener' -> false]]].
15:14:43.025 [Test worker] DEBUG org.springframework.test.context.support.TestPropertySourceUtils - Adding inlined properties to environment: {spring.jmx.enabled=false, org.springframework.boot.test.context.SpringBootTestContextBootstrapper=true, server.port=0}

  .   ____          _            __ _ _
 /\\ / ___'_ __ _ _(_)_ __  __ _ \ \ \ \
( ( )\___ | '_ | '_| | '_ \/ _` | \ \ \ \
 \\/  ___)| |_)| | | | | || (_| |  ) ) ) )
  '  |____| .__|_| |_|_| |_\__, | / / / /
 =========|_|==============|___/=/_/_/_/
 :: Spring Boot ::        (v2.1.7.RELEASE)

2020-07-29 15:14:43.227  INFO 10156 --- [    Test worker] com.project1.sb.web.IndexControllerTest  : Starting IndexControllerTest on DESKTOP-EG8C575 with PID 10156 (started by been7 in C:\Users\been7\IdeaProjects\project1)
2020-07-29 15:14:43.228  INFO 10156 --- [    Test worker] com.project1.sb.web.IndexControllerTest  : No active profile set, falling back to default profiles: default
2020-07-29 15:14:43.908  INFO 10156 --- [    Test worker] .s.d.r.c.RepositoryConfigurationDelegate : Bootstrapping Spring Data repositories in DEFAULT mode.
2020-07-29 15:14:43.982  INFO 10156 --- [    Test worker] .s.d.r.c.RepositoryConfigurationDelegate : Finished Spring Data repository scanning in 64ms. Found 1 repository interfaces.
2020-07-29 15:14:44.332  INFO 10156 --- [    Test worker] trationDelegate$BeanPostProcessorChecker : Bean 'org.springframework.transaction.annotation.ProxyTransactionManagementConfiguration' of type [org.springframework.transaction.annotation.ProxyTransactionManagementConfiguration$$EnhancerBySpringCGLIB$$9b31eb40] is not eligible for getting processed by all BeanPostProcessors (for example: not eligible for auto-proxying)
2020-07-29 15:14:44.713  INFO 10156 --- [    Test worker] o.s.b.w.embedded.tomcat.TomcatWebServer  : Tomcat initialized with port(s): 0 (http)
2020-07-29 15:14:44.738  INFO 10156 --- [    Test worker] o.apache.catalina.core.StandardService   : Starting service [Tomcat]
2020-07-29 15:14:44.738  INFO 10156 --- [    Test worker] org.apache.catalina.core.StandardEngine  : Starting Servlet engine: [Apache Tomcat/9.0.22]
2020-07-29 15:14:44.867  INFO 10156 --- [    Test worker] o.a.c.c.C.[Tomcat].[localhost].[/]       : Initializing Spring embedded WebApplicationContext
2020-07-29 15:14:44.867  INFO 10156 --- [    Test worker] o.s.web.context.ContextLoader            : Root WebApplicationContext: initialization completed in 1622 ms
2020-07-29 15:14:45.123  INFO 10156 --- [    Test worker] com.zaxxer.hikari.HikariDataSource       : HikariPool-1 - Starting...
2020-07-29 15:14:45.260  INFO 10156 --- [    Test worker] com.zaxxer.hikari.HikariDataSource       : HikariPool-1 - Start completed.
2020-07-29 15:14:45.346  INFO 10156 --- [    Test worker] o.hibernate.jpa.internal.util.LogHelper  : HHH000204: Processing PersistenceUnitInfo [
	name: default
	...]
2020-07-29 15:14:45.425  INFO 10156 --- [    Test worker] org.hibernate.Version                    : HHH000412: Hibernate Core {5.3.10.Final}
2020-07-29 15:14:45.427  INFO 10156 --- [    Test worker] org.hibernate.cfg.Environment            : HHH000206: hibernate.properties not found
2020-07-29 15:14:45.595  INFO 10156 --- [    Test worker] o.hibernate.annotations.common.Version   : HCANN000001: Hibernate Commons Annotations {5.0.4.Final}
2020-07-29 15:14:45.758  INFO 10156 --- [    Test worker] org.hibernate.dialect.Dialect            : HHH000400: Using dialect: org.hibernate.dialect.MySQL5Dialect
Hibernate: drop table if exists posts
Hibernate: create table posts (id bigint not null auto_increment, created_date datetime, modified_date datetime, author varchar(255), content TEXT not null, title varchar(500) not null, primary key (id)) engine=MyISAM
2020-07-29 15:14:46.363  INFO 10156 --- [    Test worker] o.h.t.schema.internal.SchemaCreatorImpl  : HHH000476: Executing import script 'org.hibernate.tool.schema.internal.exec.ScriptSourceInputNonExistentImpl@cb7f6c6'
2020-07-29 15:14:46.366  INFO 10156 --- [    Test worker] j.LocalContainerEntityManagerFactoryBean : Initialized JPA EntityManagerFactory for persistence unit 'default'
2020-07-29 15:14:47.236  INFO 10156 --- [    Test worker] o.s.s.concurrent.ThreadPoolTaskExecutor  : Initializing ExecutorService 'applicationTaskExecutor'
2020-07-29 15:14:47.289  WARN 10156 --- [    Test worker] aWebConfiguration$JpaWebMvcConfiguration : spring.jpa.open-in-view is enabled by default. Therefore, database queries may be performed during view rendering. Explicitly configure spring.jpa.open-in-view to disable this warning
2020-07-29 15:14:47.343  INFO 10156 --- [    Test worker] o.s.b.a.w.s.WelcomePageHandlerMapping    : Adding welcome page template: index
2020-07-29 15:14:47.717  INFO 10156 --- [    Test worker] o.s.b.w.embedded.tomcat.TomcatWebServer  : Tomcat started on port(s): 54471 (http) with context path ''
2020-07-29 15:14:47.718  INFO 10156 --- [    Test worker] com.project1.sb.web.IndexControllerTest  : Started IndexControllerTest in 4.691 seconds (JVM running for 5.989)
2020-07-29 15:14:47.868  INFO 10156 --- [o-auto-1-exec-1] o.a.c.c.C.[Tomcat].[localhost].[/]       : Initializing Spring DispatcherServlet 'dispatcherServlet'
2020-07-29 15:14:47.868  INFO 10156 --- [o-auto-1-exec-1] o.s.web.servlet.DispatcherServlet        : Initializing Servlet 'dispatcherServlet'
2020-07-29 15:14:47.892  INFO 10156 --- [o-auto-1-exec-1] o.s.web.servlet.DispatcherServlet        : Completed initialization in 24 ms
<!DOCTYPE html>
<html lang="ko">
<head>
    <meta http-equiv="Content-Type" content="text/html" charset="UTF-8">
    <title>스프링 부트 웹서비스</title>
</head>
<body>
<h1>스프링 부트로 시작하는 웹서비스</h1>
</body>
</html>
]]></system-out>
  <system-err><![CDATA[]]></system-err>
</testsuite>
