<?xml version="1.0" encoding="UTF-8"?>
<testsuite name="com.project1.sb.web.IndexControllerTest" tests="1" skipped="0" failures="0" errors="0" timestamp="2020-07-31T06:24:24" hostname="DESKTOP-EG8C575" time="0.235">
  <properties/>
  <testcase name="메인페이지_로딩" classname="com.project1.sb.web.IndexControllerTest" time="0.235"/>
  <system-out><![CDATA[2020-07-31 15:24:21.751  INFO 10884 --- [    Test worker] .b.t.c.SpringBootTestContextBootstrapper : Neither @ContextConfiguration nor @ContextHierarchy found for test class [com.project1.sb.web.IndexControllerTest], using SpringBootContextLoader
2020-07-31 15:24:21.752  INFO 10884 --- [    Test worker] o.s.t.c.support.AbstractContextLoader    : Could not detect default resource locations for test class [com.project1.sb.web.IndexControllerTest]: no resource found for suffixes {-context.xml, Context.groovy}.
2020-07-31 15:24:21.752  INFO 10884 --- [    Test worker] t.c.s.AnnotationConfigContextLoaderUtils : Could not detect default configuration classes for test class [com.project1.sb.web.IndexControllerTest]: IndexControllerTest does not declare any static, non-private, non-final, nested classes annotated with @Configuration.
2020-07-31 15:24:21.756  INFO 10884 --- [    Test worker] .b.t.c.SpringBootTestContextBootstrapper : Found @SpringBootConfiguration com.project1.sb.Application for test class com.project1.sb.web.IndexControllerTest
2020-07-31 15:24:21.758  INFO 10884 --- [    Test worker] .b.t.c.SpringBootTestContextBootstrapper : Loaded default TestExecutionListener class names from location [META-INF/spring.factories]: [org.springframework.security.test.context.support.WithSecurityContextTestExecutionListener, org.springframework.security.test.context.support.ReactorContextTestExecutionListener, org.springframework.boot.test.autoconfigure.restdocs.RestDocsTestExecutionListener, org.springframework.boot.test.autoconfigure.web.client.MockRestServiceServerResetTestExecutionListener, org.springframework.boot.test.autoconfigure.web.servlet.MockMvcPrintOnlyOnFailureTestExecutionListener, org.springframework.boot.test.autoconfigure.web.servlet.WebDriverTestExecutionListener, org.springframework.boot.test.mock.mockito.MockitoTestExecutionListener, org.springframework.boot.test.mock.mockito.ResetMocksTestExecutionListener, org.springframework.test.context.web.ServletTestExecutionListener, org.springframework.test.context.support.DirtiesContextBeforeModesTestExecutionListener, org.springframework.test.context.support.DependencyInjectionTestExecutionListener, org.springframework.test.context.support.DirtiesContextTestExecutionListener, org.springframework.test.context.transaction.TransactionalTestExecutionListener, org.springframework.test.context.jdbc.SqlScriptsTestExecutionListener]
2020-07-31 15:24:21.760  INFO 10884 --- [    Test worker] .b.t.c.SpringBootTestContextBootstrapper : Using TestExecutionListeners: [org.springframework.test.context.web.ServletTestExecutionListener@13bac9f3, org.springframework.test.context.support.DirtiesContextBeforeModesTestExecutionListener@758cd1da, org.springframework.boot.test.mock.mockito.MockitoTestExecutionListener@67ba7c74, org.springframework.boot.test.autoconfigure.SpringBootDependencyInjectionTestExecutionListener@6ee28218, org.springframework.test.context.support.DirtiesContextTestExecutionListener@2bd22b66, org.springframework.test.context.transaction.TransactionalTestExecutionListener@38c33dc7, org.springframework.test.context.jdbc.SqlScriptsTestExecutionListener@c2eaf77, org.springframework.security.test.context.support.WithSecurityContextTestExecutionListener@76a61ea8, org.springframework.security.test.context.support.ReactorContextTestExecutionListener@4c158201, org.springframework.boot.test.autoconfigure.restdocs.RestDocsTestExecutionListener@6d99a341, org.springframework.boot.test.autoconfigure.web.client.MockRestServiceServerResetTestExecutionListener@14b5fc92, org.springframework.boot.test.autoconfigure.web.servlet.MockMvcPrintOnlyOnFailureTestExecutionListener@52a0e3f2, org.springframework.boot.test.autoconfigure.web.servlet.WebDriverTestExecutionListener@3245762d, org.springframework.boot.test.mock.mockito.ResetMocksTestExecutionListener@12e6588f]

  .   ____          _            __ _ _
 /\\ / ___'_ __ _ _(_)_ __  __ _ \ \ \ \
( ( )\___ | '_ | '_| | '_ \/ _` | \ \ \ \
 \\/  ___)| |_)| | | | | || (_| |  ) ) ) )
  '  |____| .__|_| |_|_| |_\__, | / / / /
 =========|_|==============|___/=/_/_/_/
 :: Spring Boot ::        (v2.1.7.RELEASE)

2020-07-31 15:24:21.801  INFO 10884 --- [    Test worker] com.project1.sb.web.IndexControllerTest  : Starting IndexControllerTest on DESKTOP-EG8C575 with PID 10884 (started by been7 in C:\Users\been7\IdeaProjects\project1)
2020-07-31 15:24:21.801  INFO 10884 --- [    Test worker] com.project1.sb.web.IndexControllerTest  : No active profile set, falling back to default profiles: default
2020-07-31 15:24:22.085  INFO 10884 --- [    Test worker] .s.d.r.c.RepositoryConfigurationDelegate : Bootstrapping Spring Data repositories in DEFAULT mode.
2020-07-31 15:24:22.111  INFO 10884 --- [    Test worker] .s.d.r.c.RepositoryConfigurationDelegate : Finished Spring Data repository scanning in 26ms. Found 2 repository interfaces.
2020-07-31 15:24:22.231  INFO 10884 --- [    Test worker] trationDelegate$BeanPostProcessorChecker : Bean 'org.springframework.transaction.annotation.ProxyTransactionManagementConfiguration' of type [org.springframework.transaction.annotation.ProxyTransactionManagementConfiguration$$EnhancerBySpringCGLIB$$6fc8084a] is not eligible for getting processed by all BeanPostProcessors (for example: not eligible for auto-proxying)
2020-07-31 15:24:22.564  INFO 10884 --- [    Test worker] o.s.b.w.embedded.tomcat.TomcatWebServer  : Tomcat initialized with port(s): 0 (http)
2020-07-31 15:24:22.598  INFO 10884 --- [    Test worker] o.apache.catalina.core.StandardService   : Starting service [Tomcat]
2020-07-31 15:24:22.598  INFO 10884 --- [    Test worker] org.apache.catalina.core.StandardEngine  : Starting Servlet engine: [Apache Tomcat/9.0.22]
2020-07-31 15:24:22.772  INFO 10884 --- [    Test worker] o.a.c.c.C.[Tomcat].[localhost].[/]       : Initializing Spring embedded WebApplicationContext
2020-07-31 15:24:22.772  INFO 10884 --- [    Test worker] o.s.web.context.ContextLoader            : Root WebApplicationContext: initialization completed in 965 ms
2020-07-31 15:24:22.999  INFO 10884 --- [    Test worker] com.zaxxer.hikari.HikariDataSource       : HikariPool-2 - Starting...
2020-07-31 15:24:23.000  INFO 10884 --- [    Test worker] com.zaxxer.hikari.HikariDataSource       : HikariPool-2 - Start completed.
2020-07-31 15:24:23.049  INFO 10884 --- [    Test worker] o.hibernate.jpa.internal.util.LogHelper  : HHH000204: Processing PersistenceUnitInfo [
	name: default
	...]
2020-07-31 15:24:23.061  INFO 10884 --- [    Test worker] org.hibernate.dialect.Dialect            : HHH000400: Using dialect: org.hibernate.dialect.MySQL5InnoDBDialect
Hibernate: drop table if exists posts
Hibernate: drop table if exists user
Hibernate: create table posts (id bigint not null auto_increment, created_date datetime, modified_date datetime, author varchar(255), content TEXT not null, title varchar(500) not null, primary key (id)) engine=InnoDB
Hibernate: create table user (id bigint not null auto_increment, created_date datetime, modified_date datetime, email varchar(255) not null, name varchar(255) not null, picture varchar(255), role varchar(255), primary key (id)) engine=InnoDB
2020-07-31 15:24:23.133  INFO 10884 --- [    Test worker] o.h.t.schema.internal.SchemaCreatorImpl  : HHH000476: Executing import script 'org.hibernate.tool.schema.internal.exec.ScriptSourceInputNonExistentImpl@35a4d0c4'
2020-07-31 15:24:23.134  INFO 10884 --- [    Test worker] j.LocalContainerEntityManagerFactoryBean : Initialized JPA EntityManagerFactory for persistence unit 'default'
2020-07-31 15:24:23.566  INFO 10884 --- [    Test worker] o.h.h.i.QueryTranslatorFactoryInitiator  : HHH000397: Using ASTQueryTranslatorFactory
2020-07-31 15:24:23.747  INFO 10884 --- [    Test worker] o.s.s.web.DefaultSecurityFilterChain     : Creating filter chain: any request, [org.springframework.security.web.context.request.async.WebAsyncManagerIntegrationFilter@2372665b, org.springframework.security.web.context.SecurityContextPersistenceFilter@2ab4c458, org.springframework.security.web.header.HeaderWriterFilter@706bab14, org.springframework.security.web.authentication.logout.LogoutFilter@136aa6f9, org.springframework.security.oauth2.client.web.OAuth2AuthorizationRequestRedirectFilter@4ebb3e5f, org.springframework.security.oauth2.client.web.OAuth2LoginAuthenticationFilter@66bada48, org.springframework.security.web.authentication.ui.DefaultLoginPageGeneratingFilter@1f70274b, org.springframework.security.web.authentication.ui.DefaultLogoutPageGeneratingFilter@7a85e491, org.springframework.security.web.savedrequest.RequestCacheAwareFilter@3b1fd1b7, org.springframework.security.web.servletapi.SecurityContextHolderAwareRequestFilter@1601eecb, org.springframework.security.web.authentication.AnonymousAuthenticationFilter@6d5b7458, org.springframework.security.web.session.SessionManagementFilter@14a3ab73, org.springframework.security.web.access.ExceptionTranslationFilter@402a3213, org.springframework.security.web.access.intercept.FilterSecurityInterceptor@f6ad89c]
2020-07-31 15:24:23.965  INFO 10884 --- [    Test worker] o.s.s.concurrent.ThreadPoolTaskExecutor  : Initializing ExecutorService 'applicationTaskExecutor'
2020-07-31 15:24:23.978  WARN 10884 --- [    Test worker] aWebConfiguration$JpaWebMvcConfiguration : spring.jpa.open-in-view is enabled by default. Therefore, database queries may be performed during view rendering. Explicitly configure spring.jpa.open-in-view to disable this warning
2020-07-31 15:24:24.012  INFO 10884 --- [    Test worker] o.s.b.a.w.s.WelcomePageHandlerMapping    : Adding welcome page template: index
2020-07-31 15:24:24.341  INFO 10884 --- [    Test worker] s.a.ScheduledAnnotationBeanPostProcessor : No TaskScheduler/ScheduledExecutorService bean found for scheduled processing
2020-07-31 15:24:24.367  INFO 10884 --- [    Test worker] o.s.b.w.embedded.tomcat.TomcatWebServer  : Tomcat started on port(s): 54768 (http) with context path ''
2020-07-31 15:24:24.368  INFO 10884 --- [    Test worker] com.project1.sb.web.IndexControllerTest  : Started IndexControllerTest in 2.607 seconds (JVM running for 12.475)
2020-07-31 15:24:24.485  INFO 10884 --- [o-auto-1-exec-1] o.a.c.c.C.[Tomcat].[localhost].[/]       : Initializing Spring DispatcherServlet 'dispatcherServlet'
2020-07-31 15:24:24.486  INFO 10884 --- [o-auto-1-exec-1] o.s.web.servlet.DispatcherServlet        : Initializing Servlet 'dispatcherServlet'
2020-07-31 15:24:24.510  INFO 10884 --- [o-auto-1-exec-1] o.s.web.servlet.DispatcherServlet        : Completed initialization in 24 ms
Hibernate: select posts0_.id as id1_0_, posts0_.created_date as created_2_0_, posts0_.modified_date as modified3_0_, posts0_.author as author4_0_, posts0_.content as content5_0_, posts0_.title as title6_0_ from posts posts0_ order by posts0_.id DESC
<!DOCTYPE html>
<html lang="ko">
<head>
    <meta http-equiv="Content-Type" content="text/html" charset="UTF-8">
    <title>스프링 부트 웹서비스</title>

    <link rel="stylesheet" href="https://stackpath.bootstrapcdn.com/bootstrap/4.3.1/css/bootstrap.min.css">
</head>
<body>
<h1>스프링 부트로 시작하는 웹서비스 ver.2</h1>

<div class="col-md-12">
    <div class="row">
        <div class="col-md-6">
            <a href="/posts/save" role="button" class="btn btn-primary">글 등록</a>
                <a href="/oauth2/authorization/google" class="btn btn-success active" role="button">Google Login</a>
                <a href="/oauth2/authorization/naver" class="btn btn-secondary active" role="button">Naver Login</a>
        </div>
    </div>

    <br/>

    <!-- 목록 출력 -->

    <table class="table table-horizontal table-bordered">
        <thead class="thead-strong">
            <tr>
                <th>게시물 번호</th>
                <th>제목</th>
                <th>작성자</th>
                <th>최종수정일</th>
            </tr>
        </thead>
        <tbody id="tbody">

        </tbody>

    </table>
</div>

    <script src="https://code.jquery.com/jquery-3.3.1.min.js"></script>
    <script src="https://stackpath.bootstrapcdn.com/bootstrap/4.3.1/js/bootstrap.min.js"></script>

    <script src="/js/app/index.js"></script>
</body>
</html>
]]></system-out>
  <system-err><![CDATA[]]></system-err>
</testsuite>
